<html>
<body>
<pre>
<h1>Vision Build Log</h1>
<h2>Project:</h2>
E:\EMP6910\PET设备程序代码\HWW(5.27)\SendingAndCheckingModule\Project\Pro\EMP6910.uvproj
Project File Date:  05/29/2019

<h2>Output:</h2>
Rebuild target 'EMP6910'
compiling core_cm3.c...
assembling startup_stm32f10x_hd.s...
compiling stm32f10x_dbgmcu.c...
compiling stm32f10x_adc.c...
compiling stm32f10x_tim.c...
compiling stm32f10x_dma.c...
compiling stm32f10x_exti.c...
compiling stm32f10x_usart.c...
compiling misc.c...
compiling stm32f10x_gpio.c...
compiling stm32f10x_rcc.c...
compiling stm32f10x_fsmc.c...
compiling stm32f10x_spi.c...
compiling stm32f10x_flash.c...
compiling stm32f10x_pwr.c...
compiling stm32f10x_iwdg.c...
compiling BspConfig.c...
compiling communicate.c...
compiling enc28j60.c...
compiling ethernet.c...
compiling ip_arp_udp_tcp.c...
compiling serial.c...
compiling OpCtrl.c...
compiling bsp_command.c...
compiling StepMotor.c...
compiling Test.c...
compiling spi.c...
compiling eeprom.c...
compiling stm32f10x_it.c...
compiling system_stm32f10x.c...
compiling driver.c...
compiling hardware.c...
compiling my_fun.c...
compiling eeprom_par.c...
compiling main.c...
compiling command.c...
compiling parameter.c...
compiling process.c...
linking...
Program Size: Code=33400 RO-data=548 RW-data=9820 ZI-data=16748  
FromELF: creating hex file...
"..\Obj\EMP6910.axf" - 0 Error(s), 0 Warning(s).
scope
        ENUM_UNKNOW,              //位置未知               //0
..\..\User\UserCode\Parameter\parameter.c: 0 warnings, 1 error
compiling process.c...
..\..\User\UserCode\Process\process.h(56): error:  #101: "ENUM_UNKNOW" has already been declared in the current scope
        ENUM_UNKNOW,              //位置未知               //0
..\..\User\UserCode\Process\process.c(2401): error:  #20: identifier "ENUM_SUCK_UNKNOW" is undefined
                        if (gSuckCardCarPosition == ENUM_SUCK_UNKNOW) //位置未知
..\..\User\UserCode\Process\process.c(2480): error:  #20: identifier "ENUM_SUCK_UNKNOW" is undefined
                        gSuckCardCarPosition = ENUM_SUCK_UNKNOW;
..\..\User\UserCode\Process\process.c: 0 warnings, 3 errors
"..\Obj\EMP6910.axf" - 8 Error(s), 0 Warning(s).
Target not created
de\./Process/process.h(56): error:  #101: "ENUM_UNKNOW" has already been declared in the current scope
        ENUM_UNKNOW,              //位置未知               //0
..\..\User\main.c: 0 warnings, 2 errors
compiling command.c...
..\..\User\UserCode\Command\../Process/process.h(54): error:  #101: "ENUM_CLAMPCARDCAR_LOCATION" has already been declared in the current scope
  enum ENUM_CLAMPCARDCAR_LOCATION //吸卡小车位置
..\..\User\UserCode\Command\../Process/process.h(56): error:  #101: "ENUM_UNKNOW" has already been declared in the current scope
        ENUM_UNKNOW,              //位置未知               //0
..\..\User\UserCode\Command\command.c: 0 warnings, 2 errors
compiling parameter.c...
..\..\User\UserCode\Process\process.h(54): error:  #101: "ENUM_CLAMPCARDCAR_LOCATION" has already been declared in the current scope
  enum ENUM_CLAMPCARDCAR_LOCATION //吸卡小车位置
..\..\User\UserCode\Process\process.h(56): error:  #101: "ENUM_UNKNOW" has already been declared in the current scope
        ENUM_UNKNOW,              //位置未知               //0
..\..\User\UserCode\Parameter\parameter.c: 0 warnings, 2 errors
compiling process.c...
..\..\User\UserCode\Process\process.h(54): error:  #101: "ENUM_CLAMPCARDCAR_LOCATION" has already been declared in the current scope
  enum ENUM_CLAMPCARDCAR_LOCATION //吸卡小车位置
..\..\User\UserCode\Process\process.h(56): error:  #101: "ENUM_UNKNOW" has already been declared in the current scope
        ENUM_UNKNOW,              //位置未知               //0
..\..\User\UserCode\Process\process.c: 0 warnings, 2 errors
"..\Obj\EMP6910.axf" - 12 Error(s), 0 Warning(s).
Target not created
